0:0:0:0:0:0:0:1 - - [09/ago/2014:02:20:16 +0000] "GET /contact/1 HTTP/1.1" 200 91 186 186
0:0:0:0:0:0:0:1 - - [09/ago/2014:02:20:16 +0000] "GET /favicon.ico HTTP/1.1" 404 1329 3 3
0:0:0:0:0:0:0:1 - - [09/ago/2014:02:20:18 +0000] "GET /contact/2 HTTP/1.1" 200 0 4 4
0:0:0:0:0:0:0:1 - - [09/ago/2014:02:20:23 +0000] "GET /contact/1 HTTP/1.1" 200 91 5 5
0:0:0:0:0:0:0:1 - - [09/ago/2014:02:20:27 +0000] "GET /contact/2 HTTP/1.1" 200 0 4 4
0:0:0:0:0:0:0:1 - - [09/ago/2014:02:22:42 +0000] "GET /contact/1 HTTP/1.1" 200 91 4 4
0:0:0:0:0:0:0:1 - - [09/ago/2014:02:53:55 +0000] "GET /contact/1 HTTP/1.1" 200 91 130 130
0:0:0:0:0:0:0:1 - - [09/ago/2014:03:00:25 +0000] "GET /contact HTTP/1.1" 405 1343 5 5
0:0:0:0:0:0:0:1 - - [09/ago/2014:03:00:32 +0000] "GET /contact/1 HTTP/1.1" 200 91 5 5
0:0:0:0:0:0:0:1 - - [09/ago/2014:03:01:08 +0000] "POST /contact/ HTTP/1.1" 500 1480 64 64
0:0:0:0:0:0:0:1 - - [09/ago/2014:03:02:15 +0000] "POST /contact/ HTTP/1.1" 201 0 98 98
0:0:0:0:0:0:0:1 - - [09/ago/2014:03:02:33 +0000] "GET /contact/2 HTTP/1.1" 200 73 62 62
0:0:0:0:0:0:0:1 - - [09/ago/2014:03:02:35 +0000] "GET /contact/3 HTTP/1.1" 200 73 6 6
0:0:0:0:0:0:0:1 - - [09/ago/2014:03:08:24 +0000] "PUT /contact/ HTTP/1.1" 405 0 3 3
0:0:0:0:0:0:0:1 - - [09/ago/2014:03:08:31 +0000] "GET /contact/3 HTTP/1.1" 200 73 4 4
0:0:0:0:0:0:0:1 - - [09/ago/2014:03:08:44 +0000] "GET /contact/3 HTTP/1.1" 200 73 5 5
0:0:0:0:0:0:0:1 - - [09/ago/2014:03:09:20 +0000] "PUT /contact/ HTTP/1.1" 405 0 2 2
0:0:0:0:0:0:0:1 - - [09/ago/2014:03:09:26 +0000] "GET /contact/3 HTTP/1.1" 200 73 4 4
0:0:0:0:0:0:0:1 - - [09/ago/2014:03:10:07 +0000] "PUT /contact/ HTTP/1.1" 405 0 1 1
0:0:0:0:0:0:0:1 - - [09/ago/2014:03:10:11 +0000] "GET /contact/1 HTTP/1.1" 200 91 5 5
0:0:0:0:0:0:0:1 - - [09/ago/2014:03:10:14 +0000] "GET /contact/3 HTTP/1.1" 200 73 5 5
0:0:0:0:0:0:0:1 - - [09/ago/2014:03:11:32 +0000] "PUT /contact/ HTTP/1.1" 405 0 1 1
0:0:0:0:0:0:0:1 - - [09/ago/2014:03:11:48 +0000] "GET /contact/3 HTTP/1.1" 200 73 6 6
0:0:0:0:0:0:0:1 - - [09/ago/2014:03:11:50 +0000] "GET /contact/3 HTTP/1.1" 200 73 5 5
0:0:0:0:0:0:0:1 - - [09/ago/2014:03:14:39 +0000] "PUT /contact/3 HTTP/1.1" 500 1481 12 12
0:0:0:0:0:0:0:1 - - [09/ago/2014:03:16:17 +0000] "PUT /contact/3 HTTP/1.1" 200 66 106 106
0:0:0:0:0:0:0:1 - - [09/ago/2014:03:16:26 +0000] "GET /contact/3 HTTP/1.1" 200 74 29 29
0:0:0:0:0:0:0:1 - - [09/ago/2014:03:17:22 +0000] "DELETE /contact/2 HTTP/1.1" 500 1481 27 27
0:0:0:0:0:0:0:1 - - [09/ago/2014:03:18:37 +0000] "DELETE /contact/2 HTTP/1.1" 204 0 158 158
0:0:0:0:0:0:0:1 - - [09/ago/2014:03:18:42 +0000] "GET /contact/2 HTTP/1.1" 200 0 21 21
0:0:0:0:0:0:0:1 - - [09/ago/2014:03:50:58 +0000] "POST /contact/ HTTP/1.1" 500 1480 91 91
0:0:0:0:0:0:0:1 - - [09/ago/2014:03:53:00 +0000] "PUT /contact/3 HTTP/1.1" 200 66 66 66
0:0:0:0:0:0:0:1 - - [09/ago/2014:03:53:25 +0000] "POST /contact/ HTTP/1.1" 500 1480 4 4
0:0:0:0:0:0:0:1 - - [09/ago/2014:03:55:48 +0000] "POST /contact/ HTTP/1.1" 500 1480 104 104
0:0:0:0:0:0:0:1 - - [09/ago/2014:03:56:50 +0000] "POST /contact/ HTTP/1.1" 500 1480 90 90
0:0:0:0:0:0:0:1 - - [09/ago/2014:03:58:02 +0000] "POST /contact/ HTTP/1.1" 500 1480 91 91
0:0:0:0:0:0:0:1 - - [09/ago/2014:03:59:21 +0000] "POST /contact/ HTTP/1.1" 500 1480 95 95
0:0:0:0:0:0:0:1 - - [09/ago/2014:04:02:13 +0000] "POST /contact/ HTTP/1.1" 500 1480 87 87
0:0:0:0:0:0:0:1 - - [09/ago/2014:04:04:09 +0000] "POST /contact/ HTTP/1.1" 500 1480 91 91
0:0:0:0:0:0:0:1 - - [09/ago/2014:04:05:48 +0000] "POST /contact/ HTTP/1.1" 500 1480 96 96
0:0:0:0:0:0:0:1 - - [09/ago/2014:04:07:28 +0000] "POST /contact/ HTTP/1.1" 400 217 90 90
0:0:0:0:0:0:0:1 - - [09/ago/2014:04:16:24 +0000] "POST /contact/ HTTP/1.1" 422 570 49 49
0:0:0:0:0:0:0:1 - - [09/ago/2014:04:22:36 +0000] "POST /contact/ HTTP/1.1" 422 397 3 3
0:0:0:0:0:0:0:1 - - [09/ago/2014:04:22:48 +0000] "POST /contact/ HTTP/1.1" 422 398 3 3
0:0:0:0:0:0:0:1 - - [09/ago/2014:04:22:59 +0000] "POST /contact/ HTTP/1.1" 201 0 51 51
0:0:0:0:0:0:0:1 - - [09/ago/2014:04:23:11 +0000] "GET /contact/4 HTTP/1.1" 200 69 56 56
0:0:0:0:0:0:0:1 - - [09/ago/2014:04:23:25 +0000] "POST /contact/ HTTP/1.1" 400 1546 2 2
0:0:0:0:0:0:0:1 - - [09/ago/2014:04:23:41 +0000] "POST /contact/ HTTP/1.1" 201 0 3 3
0:0:0:0:0:0:0:1 - - [09/ago/2014:04:23:48 +0000] "GET /contact/5 HTTP/1.1" 200 71 5 5
0:0:0:0:0:0:0:1 - - [09/ago/2014:04:25:47 +0000] "POST /contact/ HTTP/1.1" 422 370 61 61
0:0:0:0:0:0:0:1 - - [09/ago/2014:04:26:40 +0000] "POST /contact/ HTTP/1.1" 422 364 55 55
